<?xml version="1.0" encoding="UTF-8"?>
<testsuite xmlns:xsi="http://www.w3.org/2001/XMLSchema-instance" xsi:noNamespaceSchemaLocation="https://maven.apache.org/surefire/maven-surefire-plugin/xsd/surefire-test-report.xsd" version="3.0.2" name="com.smartmonitoring.modelvalidator.validation.ModelValidatorTest" time="0.167" tests="2" errors="0" skipped="0" failures="0">
  <properties>
[...]
</properties>
  <testcase name="shouldDetectInvalidComponentReferences" classname="com.smartmonitoring.modelvalidator.validation.ModelValidatorTest" time="0.079"/>
  <testcase name="shouldDetectDuplicateRequirementIds" classname="com.smartmonitoring.modelvalidator.validation.ModelValidatorTest" time="0.01"/>
</testsuite>